<?xml version="1.0" encoding="UTF-8"?>
<testsuite xmlns:xsi="http://www.w3.org/2001/XMLSchema-instance" xsi:noNamespaceSchemaLocation="https://maven.apache.org/surefire/maven-surefire-plugin/xsd/surefire-test-report.xsd" version="3.0.1" name="br.ufpr.AppTest" time="0.033" tests="1" errors="0" skipped="0" failures="0">
  <properties>
    <property name="java.specification.version" value="25"/>
    <property name="sun.jnu.encoding" value="UTF-8"/>
    <property name="java.class.path" value="/home/kaironst/trabalhos/lpoo2/projeto-lpoo2-jpa/target/test-classes:/home/kaironst/trabalhos/lpoo2/projeto-lpoo2-jpa/target/classes:/home/kaironst/.m2/repository/org/junit/jupiter/junit-jupiter-api/5.11.0/junit-jupiter-api-5.11.0.jar:/home/kaironst/.m2/repository/org/opentest4j/opentest4j/1.3.0/opentest4j-1.3.0.jar:/home/kaironst/.m2/repository/org/junit/platform/junit-platform-commons/1.11.0/junit-platform-commons-1.11.0.jar:/home/kaironst/.m2/repository/org/apiguardian/apiguardian-api/1.1.2/apiguardian-api-1.1.2.jar:/home/kaironst/.m2/repository/org/junit/jupiter/junit-jupiter-params/5.11.0/junit-jupiter-params-5.11.0.jar:/home/kaironst/.m2/repository/org/hibernate/orm/hibernate-core/7.1.0.Final/hibernate-core-7.1.0.Final.jar:/home/kaironst/.m2/repository/jakarta/persistence/jakarta.persistence-api/3.2.0/jakarta.persistence-api-3.2.0.jar:/home/kaironst/.m2/repository/jakarta/transaction/jakarta.transaction-api/2.0.1/jakarta.transaction-api-2.0.1.jar:/home/kaironst/.m2/repository/org/jboss/logging/jboss-logging/3.6.1.Final/jboss-logging-3.6.1.Final.jar:/home/kaironst/.m2/repository/org/hibernate/models/hibernate-models/1.0.1/hibernate-models-1.0.1.jar:/home/kaironst/.m2/repository/com/fasterxml/classmate/1.7.0/classmate-1.7.0.jar:/home/kaironst/.m2/repository/net/bytebuddy/byte-buddy/1.17.6/byte-buddy-1.17.6.jar:/home/kaironst/.m2/repository/jakarta/xml/bind/jakarta.xml.bind-api/4.0.2/jakarta.xml.bind-api-4.0.2.jar:/home/kaironst/.m2/repository/org/glassfish/jaxb/jaxb-runtime/4.0.5/jaxb-runtime-4.0.5.jar:/home/kaironst/.m2/repository/org/glassfish/jaxb/jaxb-core/4.0.5/jaxb-core-4.0.5.jar:/home/kaironst/.m2/repository/org/eclipse/angus/angus-activation/2.0.2/angus-activation-2.0.2.jar:/home/kaironst/.m2/repository/org/glassfish/jaxb/txw2/4.0.5/txw2-4.0.5.jar:/home/kaironst/.m2/repository/com/sun/istack/istack-commons-runtime/4.1.2/istack-commons-runtime-4.1.2.jar:/home/kaironst/.m2/repository/jakarta/inject/jakarta.inject-api/2.0.1/jakarta.inject-api-2.0.1.jar:/home/kaironst/.m2/repository/org/antlr/antlr4-runtime/4.13.2/antlr4-runtime-4.13.2.jar:/home/kaironst/.m2/repository/jakarta/servlet/jsp/jstl/jakarta.servlet.jsp.jstl-api/3.0.2/jakarta.servlet.jsp.jstl-api-3.0.2.jar:/home/kaironst/.m2/repository/jakarta/servlet/jakarta.servlet-api/6.0.0/jakarta.servlet-api-6.0.0.jar:/home/kaironst/.m2/repository/jakarta/el/jakarta.el-api/5.0.0/jakarta.el-api-5.0.0.jar:/home/kaironst/.m2/repository/org/glassfish/web/jakarta.servlet.jsp.jstl/3.0.1/jakarta.servlet.jsp.jstl-3.0.1.jar:/home/kaironst/.m2/repository/jakarta/platform/jakarta.jakartaee-api/11.0.0/jakarta.jakartaee-api-11.0.0.jar:/home/kaironst/.m2/repository/jakarta/platform/jakarta.jakartaee-web-api/11.0.0/jakarta.jakartaee-web-api-11.0.0.jar:/home/kaironst/.m2/repository/jakarta/servlet/jsp/jakarta.servlet.jsp-api/4.0.0/jakarta.servlet.jsp-api-4.0.0.jar:/home/kaironst/.m2/repository/jakarta/data/jakarta.data-api/1.0.1/jakarta.data-api-1.0.1.jar:/home/kaironst/.m2/repository/jakarta/enterprise/jakarta.enterprise.cdi-el-api/4.1.0/jakarta.enterprise.cdi-el-api-4.1.0.jar:/home/kaironst/.m2/repository/jakarta/faces/jakarta.faces-api/4.1.2/jakarta.faces-api-4.1.2.jar:/home/kaironst/.m2/repository/jakarta/websocket/jakarta.websocket-api/2.2.0/jakarta.websocket-api-2.2.0.jar:/home/kaironst/.m2/repository/jakarta/websocket/jakarta.websocket-client-api/2.2.0/jakarta.websocket-client-api-2.2.0.jar:/home/kaironst/.m2/repository/jakarta/ejb/jakarta.ejb-api/4.0.1/jakarta.ejb-api-4.0.1.jar:/home/kaironst/.m2/repository/jakarta/validation/jakarta.validation-api/3.1.1/jakarta.validation-api-3.1.1.jar:/home/kaironst/.m2/repository/jakarta/authentication/jakarta.authentication-api/3.1.0/jakarta.authentication-api-3.1.0.jar:/home/kaironst/.m2/repository/jakarta/security/enterprise/jakarta.security.enterprise-api/4.0.0/jakarta.security.enterprise-api-4.0.0.jar:/home/kaironst/.m2/repository/jakarta/enterprise/concurrent/jakarta.enterprise.concurrent-api/3.1.1/jakarta.enterprise.concurrent-api-3.1.1.jar:/home/kaironst/.m2/repository/jakarta/platform/jakarta.jakartaee-core-api/11.0.0/jakarta.jakartaee-core-api-11.0.0.jar:/home/kaironst/.m2/repository/jakarta/ws/rs/jakarta.ws.rs-api/4.0.0/jakarta.ws.rs-api-4.0.0.jar:/home/kaironst/.m2/repository/jakarta/json/jakarta.json-api/2.1.3/jakarta.json-api-2.1.3.jar:/home/kaironst/.m2/repository/jakarta/json/bind/jakarta.json.bind-api/3.0.1/jakarta.json.bind-api-3.0.1.jar:/home/kaironst/.m2/repository/jakarta/annotation/jakarta.annotation-api/3.0.0/jakarta.annotation-api-3.0.0.jar:/home/kaironst/.m2/repository/jakarta/interceptor/jakarta.interceptor-api/2.2.0/jakarta.interceptor-api-2.2.0.jar:/home/kaironst/.m2/repository/jakarta/enterprise/jakarta.enterprise.cdi-api/4.1.0/jakarta.enterprise.cdi-api-4.1.0.jar:/home/kaironst/.m2/repository/jakarta/enterprise/jakarta.enterprise.lang-model/4.1.0/jakarta.enterprise.lang-model-4.1.0.jar:/home/kaironst/.m2/repository/jakarta/jms/jakarta.jms-api/3.1.0/jakarta.jms-api-3.1.0.jar:/home/kaironst/.m2/repository/jakarta/activation/jakarta.activation-api/2.1.3/jakarta.activation-api-2.1.3.jar:/home/kaironst/.m2/repository/jakarta/mail/jakarta.mail-api/2.1.3/jakarta.mail-api-2.1.3.jar:/home/kaironst/.m2/repository/jakarta/resource/jakarta.resource-api/2.1.0/jakarta.resource-api-2.1.0.jar:/home/kaironst/.m2/repository/jakarta/authorization/jakarta.authorization-api/3.0.0/jakarta.authorization-api-3.0.0.jar:/home/kaironst/.m2/repository/jakarta/batch/jakarta.batch-api/2.1.1/jakarta.batch-api-2.1.1.jar:/home/kaironst/.m2/repository/org/projectlombok/lombok/1.18.42/lombok-1.18.42.jar:/home/kaironst/.m2/repository/org/postgresql/postgresql/42.7.7/postgresql-42.7.7.jar:/home/kaironst/.m2/repository/org/checkerframework/checker-qual/3.49.3/checker-qual-3.49.3.jar:"/>
    <property name="java.vm.vendor" value="Oracle Corporation"/>
    <property name="sun.arch.data.model" value="64"/>
    <property name="java.vendor.url" value="https://java.oracle.com/"/>
    <property name="os.name" value="Linux"/>
    <property name="java.vm.specification.version" value="25"/>
    <property name="sun.java.launcher" value="SUN_STANDARD"/>
    <property name="user.country" value="BR"/>
    <property name="sun.boot.library.path" value="/home/kaironst/.sdkman/candidates/java/25-open/lib"/>
    <property name="sun.java.command" value="/home/kaironst/trabalhos/lpoo2/projeto-lpoo2-jpa/target/surefire/surefirebooter-20251029212930971_3.jar /home/kaironst/trabalhos/lpoo2/projeto-lpoo2-jpa/target/surefire 2025-10-29T21-29-30_883-jvmRun1 surefire-20251029212930971_1tmp surefire_0-20251029212930971_2tmp"/>
    <property name="jdk.debug" value="release"/>
    <property name="surefire.test.class.path" value="/home/kaironst/trabalhos/lpoo2/projeto-lpoo2-jpa/target/test-classes:/home/kaironst/trabalhos/lpoo2/projeto-lpoo2-jpa/target/classes:/home/kaironst/.m2/repository/org/junit/jupiter/junit-jupiter-api/5.11.0/junit-jupiter-api-5.11.0.jar:/home/kaironst/.m2/repository/org/opentest4j/opentest4j/1.3.0/opentest4j-1.3.0.jar:/home/kaironst/.m2/repository/org/junit/platform/junit-platform-commons/1.11.0/junit-platform-commons-1.11.0.jar:/home/kaironst/.m2/repository/org/apiguardian/apiguardian-api/1.1.2/apiguardian-api-1.1.2.jar:/home/kaironst/.m2/repository/org/junit/jupiter/junit-jupiter-params/5.11.0/junit-jupiter-params-5.11.0.jar:/home/kaironst/.m2/repository/org/hibernate/orm/hibernate-core/7.1.0.Final/hibernate-core-7.1.0.Final.jar:/home/kaironst/.m2/repository/jakarta/persistence/jakarta.persistence-api/3.2.0/jakarta.persistence-api-3.2.0.jar:/home/kaironst/.m2/repository/jakarta/transaction/jakarta.transaction-api/2.0.1/jakarta.transaction-api-2.0.1.jar:/home/kaironst/.m2/repository/org/jboss/logging/jboss-logging/3.6.1.Final/jboss-logging-3.6.1.Final.jar:/home/kaironst/.m2/repository/org/hibernate/models/hibernate-models/1.0.1/hibernate-models-1.0.1.jar:/home/kaironst/.m2/repository/com/fasterxml/classmate/1.7.0/classmate-1.7.0.jar:/home/kaironst/.m2/repository/net/bytebuddy/byte-buddy/1.17.6/byte-buddy-1.17.6.jar:/home/kaironst/.m2/repository/jakarta/xml/bind/jakarta.xml.bind-api/4.0.2/jakarta.xml.bind-api-4.0.2.jar:/home/kaironst/.m2/repository/org/glassfish/jaxb/jaxb-runtime/4.0.5/jaxb-runtime-4.0.5.jar:/home/kaironst/.m2/repository/org/glassfish/jaxb/jaxb-core/4.0.5/jaxb-core-4.0.5.jar:/home/kaironst/.m2/repository/org/eclipse/angus/angus-activation/2.0.2/angus-activation-2.0.2.jar:/home/kaironst/.m2/repository/org/glassfish/jaxb/txw2/4.0.5/txw2-4.0.5.jar:/home/kaironst/.m2/repository/com/sun/istack/istack-commons-runtime/4.1.2/istack-commons-runtime-4.1.2.jar:/home/kaironst/.m2/repository/jakarta/inject/jakarta.inject-api/2.0.1/jakarta.inject-api-2.0.1.jar:/home/kaironst/.m2/repository/org/antlr/antlr4-runtime/4.13.2/antlr4-runtime-4.13.2.jar:/home/kaironst/.m2/repository/jakarta/servlet/jsp/jstl/jakarta.servlet.jsp.jstl-api/3.0.2/jakarta.servlet.jsp.jstl-api-3.0.2.jar:/home/kaironst/.m2/repository/jakarta/servlet/jakarta.servlet-api/6.0.0/jakarta.servlet-api-6.0.0.jar:/home/kaironst/.m2/repository/jakarta/el/jakarta.el-api/5.0.0/jakarta.el-api-5.0.0.jar:/home/kaironst/.m2/repository/org/glassfish/web/jakarta.servlet.jsp.jstl/3.0.1/jakarta.servlet.jsp.jstl-3.0.1.jar:/home/kaironst/.m2/repository/jakarta/platform/jakarta.jakartaee-api/11.0.0/jakarta.jakartaee-api-11.0.0.jar:/home/kaironst/.m2/repository/jakarta/platform/jakarta.jakartaee-web-api/11.0.0/jakarta.jakartaee-web-api-11.0.0.jar:/home/kaironst/.m2/repository/jakarta/servlet/jsp/jakarta.servlet.jsp-api/4.0.0/jakarta.servlet.jsp-api-4.0.0.jar:/home/kaironst/.m2/repository/jakarta/data/jakarta.data-api/1.0.1/jakarta.data-api-1.0.1.jar:/home/kaironst/.m2/repository/jakarta/enterprise/jakarta.enterprise.cdi-el-api/4.1.0/jakarta.enterprise.cdi-el-api-4.1.0.jar:/home/kaironst/.m2/repository/jakarta/faces/jakarta.faces-api/4.1.2/jakarta.faces-api-4.1.2.jar:/home/kaironst/.m2/repository/jakarta/websocket/jakarta.websocket-api/2.2.0/jakarta.websocket-api-2.2.0.jar:/home/kaironst/.m2/repository/jakarta/websocket/jakarta.websocket-client-api/2.2.0/jakarta.websocket-client-api-2.2.0.jar:/home/kaironst/.m2/repository/jakarta/ejb/jakarta.ejb-api/4.0.1/jakarta.ejb-api-4.0.1.jar:/home/kaironst/.m2/repository/jakarta/validation/jakarta.validation-api/3.1.1/jakarta.validation-api-3.1.1.jar:/home/kaironst/.m2/repository/jakarta/authentication/jakarta.authentication-api/3.1.0/jakarta.authentication-api-3.1.0.jar:/home/kaironst/.m2/repository/jakarta/security/enterprise/jakarta.security.enterprise-api/4.0.0/jakarta.security.enterprise-api-4.0.0.jar:/home/kaironst/.m2/repository/jakarta/enterprise/concurrent/jakarta.enterprise.concurrent-api/3.1.1/jakarta.enterprise.concurrent-api-3.1.1.jar:/home/kaironst/.m2/repository/jakarta/platform/jakarta.jakartaee-core-api/11.0.0/jakarta.jakartaee-core-api-11.0.0.jar:/home/kaironst/.m2/repository/jakarta/ws/rs/jakarta.ws.rs-api/4.0.0/jakarta.ws.rs-api-4.0.0.jar:/home/kaironst/.m2/repository/jakarta/json/jakarta.json-api/2.1.3/jakarta.json-api-2.1.3.jar:/home/kaironst/.m2/repository/jakarta/json/bind/jakarta.json.bind-api/3.0.1/jakarta.json.bind-api-3.0.1.jar:/home/kaironst/.m2/repository/jakarta/annotation/jakarta.annotation-api/3.0.0/jakarta.annotation-api-3.0.0.jar:/home/kaironst/.m2/repository/jakarta/interceptor/jakarta.interceptor-api/2.2.0/jakarta.interceptor-api-2.2.0.jar:/home/kaironst/.m2/repository/jakarta/enterprise/jakarta.enterprise.cdi-api/4.1.0/jakarta.enterprise.cdi-api-4.1.0.jar:/home/kaironst/.m2/repository/jakarta/enterprise/jakarta.enterprise.lang-model/4.1.0/jakarta.enterprise.lang-model-4.1.0.jar:/home/kaironst/.m2/repository/jakarta/jms/jakarta.jms-api/3.1.0/jakarta.jms-api-3.1.0.jar:/home/kaironst/.m2/repository/jakarta/activation/jakarta.activation-api/2.1.3/jakarta.activation-api-2.1.3.jar:/home/kaironst/.m2/repository/jakarta/mail/jakarta.mail-api/2.1.3/jakarta.mail-api-2.1.3.jar:/home/kaironst/.m2/repository/jakarta/resource/jakarta.resource-api/2.1.0/jakarta.resource-api-2.1.0.jar:/home/kaironst/.m2/repository/jakarta/authorization/jakarta.authorization-api/3.0.0/jakarta.authorization-api-3.0.0.jar:/home/kaironst/.m2/repository/jakarta/batch/jakarta.batch-api/2.1.1/jakarta.batch-api-2.1.1.jar:/home/kaironst/.m2/repository/org/projectlombok/lombok/1.18.42/lombok-1.18.42.jar:/home/kaironst/.m2/repository/org/postgresql/postgresql/42.7.7/postgresql-42.7.7.jar:/home/kaironst/.m2/repository/org/checkerframework/checker-qual/3.49.3/checker-qual-3.49.3.jar:"/>
    <property name="sun.cpu.endian" value="little"/>
    <property name="user.home" value="/home/kaironst"/>
    <property name="user.language" value="pt"/>
    <property name="java.specification.vendor" value="Oracle Corporation"/>
    <property name="java.version.date" value="2025-09-16"/>
    <property name="java.home" value="/home/kaironst/.sdkman/candidates/java/25-open"/>
    <property name="file.separator" value="/"/>
    <property name="basedir" value="/home/kaironst/trabalhos/lpoo2/projeto-lpoo2-jpa"/>
    <property name="java.vm.compressedOopsMode" value="Zero based"/>
    <property name="line.separator" value="&#10;"/>
    <property name="java.specification.name" value="Java Platform API Specification"/>
    <property name="java.vm.specification.vendor" value="Oracle Corporation"/>
    <property name="surefire.real.class.path" value="/home/kaironst/trabalhos/lpoo2/projeto-lpoo2-jpa/target/surefire/surefirebooter-20251029212930971_3.jar"/>
    <property name="sun.management.compiler" value="HotSpot 64-Bit Tiered Compilers"/>
    <property name="java.runtime.version" value="25+36-3489"/>
    <property name="user.name" value="kaironst"/>
    <property name="stdout.encoding" value="UTF-8"/>
    <property name="path.separator" value=":"/>
    <property name="os.version" value="6.12.48+deb13-amd64"/>
    <property name="java.runtime.name" value="OpenJDK Runtime Environment"/>
    <property name="file.encoding" value="UTF-8"/>
    <property name="java.vm.name" value="OpenJDK 64-Bit Server VM"/>
    <property name="localRepository" value="/home/kaironst/.m2/repository"/>
    <property name="java.vendor.url.bug" value="https://bugreport.java.com/bugreport/"/>
    <property name="java.io.tmpdir" value="/tmp"/>
    <property name="java.version" value="25"/>
    <property name="user.dir" value="/home/kaironst/trabalhos/lpoo2/projeto-lpoo2-jpa"/>
    <property name="os.arch" value="amd64"/>
    <property name="java.vm.specification.name" value="Java Virtual Machine Specification"/>
    <property name="native.encoding" value="UTF-8"/>
    <property name="java.library.path" value="/usr/java/packages/lib:/usr/lib64:/lib64:/lib:/usr/lib"/>
    <property name="java.vm.info" value="mixed mode, sharing"/>
    <property name="stderr.encoding" value="UTF-8"/>
    <property name="java.vendor" value="Oracle Corporation"/>
    <property name="java.vm.version" value="25+36-3489"/>
    <property name="stdin.encoding" value="UTF-8"/>
    <property name="sun.io.unicode.encoding" value="UnicodeLittle"/>
    <property name="java.class.version" value="69.0"/>
  </properties>
  <testcase name="shouldAnswerWithTrue" classname="br.ufpr.AppTest" time="0.016"/>
</testsuite>